  MyComplex.cpp
C:\KMU\2-1\CPP\과제\algolab\6주차\복소수\MyComplex.h(21,19): error C2804: 이항 'operator +'에 매개 변수가 너무 많습니다.
C:\KMU\2-1\CPP\과제\algolab\6주차\복소수\MyComplex.cpp(50,36): error C2248: 'myComplex::realPart': private 멤버('myComplex' 클래스에서 선언)에 액세스할 수 없습니다.
C:\KMU\2-1\CPP\과제\algolab\6주차\복소수\MyComplex.h(59,13): message : 'myComplex::realPart' 선언을 참조하십시오.
C:\KMU\2-1\CPP\과제\algolab\6주차\복소수\MyComplex.h(5,11): message : 'myComplex' 선언을 참조하십시오.
C:\KMU\2-1\CPP\과제\algolab\6주차\복소수\MyComplex.cpp(50,53): error C2248: 'myComplex::imaginaryPart': private 멤버('myComplex' 클래스에서 선언)에 액세스할 수 없습니다.
C:\KMU\2-1\CPP\과제\algolab\6주차\복소수\MyComplex.h(60,13): message : 'myComplex::imaginaryPart' 선언을 참조하십시오.
C:\KMU\2-1\CPP\과제\algolab\6주차\복소수\MyComplex.h(5,11): message : 'myComplex' 선언을 참조하십시오.
  TestMyComplex.cpp
C:\KMU\2-1\CPP\과제\algolab\6주차\복소수\MyComplex.h(21,19): error C2804: 이항 'operator +'에 매개 변수가 너무 많습니다.
C:\KMU\2-1\CPP\과제\algolab\6주차\복소수\TestMyComplex.cpp(60,12): error C2677: 이항 '*': 'myComplex' 형식을 사용하는 전역 연산자가 없거나 허용되는 변환이 없습니다.
C:\KMU\2-1\CPP\과제\algolab\6주차\복소수\TestMyComplex.cpp(64,12): error C2677: 이항 '*': 'myComplex' 형식을 사용하는 전역 연산자가 없거나 허용되는 변환이 없습니다.
C:\KMU\2-1\CPP\과제\algolab\6주차\복소수\TestMyComplex.cpp(73,28): error C2677: 이항 '*': 'myComplex' 형식을 사용하는 전역 연산자가 없거나 허용되는 변환이 없습니다.
C:\KMU\2-1\CPP\과제\algolab\6주차\복소수\TestMyComplex.cpp(92,20): error C2677: 이항 '+': 'myComplex' 형식을 사용하는 전역 연산자가 없거나 허용되는 변환이 없습니다.
C:\Program Files\Microsoft Visual Studio\2022\Community\VC\Tools\MSVC\14.35.32215\include\xstring(5183,62): message : 'std::basic_string<_Elem,_Traits,_Alloc> std::operator +(std::basic_string<_Elem,_Traits,_Alloc> &&,const _Elem)'일 수 있습니다.
C:\KMU\2-1\CPP\과제\algolab\6주차\복소수\TestMyComplex.cpp(92,18): message : 'std::basic_string<_Elem,_Traits,_Alloc> std::operator +(std::basic_string<_Elem,_Traits,_Alloc> &&,const _Elem)': 'int'에서 'std::basic_string<_Elem,_Traits,_Alloc> &&'에 대한 템플릿 인수를 추론할 수 없습니다.
C:\Program Files\Microsoft Visual Studio\2022\Community\VC\Tools\MSVC\14.35.32215\include\xstring(5177,62): message : 또는       'std::basic_string<_Elem,_Traits,_Alloc> std::operator +(std::basic_string<_Elem,_Traits,_Alloc> &&,const _Elem *const )'
C:\KMU\2-1\CPP\과제\algolab\6주차\복소수\TestMyComplex.cpp(92,18): message : 'std::basic_string<_Elem,_Traits,_Alloc> std::operator +(std::basic_string<_Elem,_Traits,_Alloc> &&,const _Elem *const )': 'int'에서 'std::basic_string<_Elem,_Traits,_Alloc> &&'에 대한 템플릿 인수를 추론할 수 없습니다.
C:\Program Files\Microsoft Visual Studio\2022\Community\VC\Tools\MSVC\14.35.32215\include\xstring(5171,62): message : 또는       'std::basic_string<_Elem,_Traits,_Alloc> std::operator +(const _Elem,std::basic_string<_Elem,_Traits,_Alloc> &&)'
C:\KMU\2-1\CPP\과제\algolab\6주차\복소수\TestMyComplex.cpp(92,18): message : 'std::basic_string<_Elem,_Traits,_Alloc> std::operator +(const _Elem,std::basic_string<_Elem,_Traits,_Alloc> &&)': 'myComplex'에서 'std::basic_string<_Elem,_Traits,_Alloc> &&'에 대한 템플릿 인수를 추론할 수 없습니다.
C:\Program Files\Microsoft Visual Studio\2022\Community\VC\Tools\MSVC\14.35.32215\include\xstring(5165,62): message : 또는       'std::basic_string<_Elem,_Traits,_Alloc> std::operator +(const _Elem *const ,std::basic_string<_Elem,_Traits,_Alloc> &&)'
C:\KMU\2-1\CPP\과제\algolab\6주차\복소수\TestMyComplex.cpp(92,18): message : 'std::basic_string<_Elem,_Traits,_Alloc> std::operator +(const _Elem *const ,std::basic_string<_Elem,_Traits,_Alloc> &&)': 'int'에서 'const _Elem *const '에 대한 템플릿 인수를 추론할 수 없습니다.
C:\Program Files\Microsoft Visual Studio\2022\Community\VC\Tools\MSVC\14.35.32215\include\xstring(5152,62): message : 또는       'std::basic_string<_Elem,_Traits,_Alloc> std::operator +(std::basic_string<_Elem,_Traits,_Alloc> &&,std::basic_string<_Elem,_Traits,_Alloc> &&)'
C:\KMU\2-1\CPP\과제\algolab\6주차\복소수\TestMyComplex.cpp(92,18): message : 'std::basic_string<_Elem,_Traits,_Alloc> std::operator +(std::basic_string<_Elem,_Traits,_Alloc> &&,std::basic_string<_Elem,_Traits,_Alloc> &&)': 'int'에서 'std::basic_string<_Elem,_Traits,_Alloc> &&'에 대한 템플릿 인수를 추론할 수 없습니다.
C:\Program Files\Microsoft Visual Studio\2022\Community\VC\Tools\MSVC\14.35.32215\include\xstring(5146,62): message : 또는       'std::basic_string<_Elem,_Traits,_Alloc> std::operator +(std::basic_string<_Elem,_Traits,_Alloc> &&,const std::basic_string<_Elem,_Traits,_Alloc> &)'
C:\KMU\2-1\CPP\과제\algolab\6주차\복소수\TestMyComplex.cpp(92,18): message : 'std::basic_string<_Elem,_Traits,_Alloc> std::operator +(std::basic_string<_Elem,_Traits,_Alloc> &&,const std::basic_string<_Elem,_Traits,_Alloc> &)': 'int'에서 'std::basic_string<_Elem,_Traits,_Alloc> &&'에 대한 템플릿 인수를 추론할 수 없습니다.
C:\Program Files\Microsoft Visual Studio\2022\Community\VC\Tools\MSVC\14.35.32215\include\xstring(5140,62): message : 또는       'std::basic_string<_Elem,_Traits,_Alloc> std::operator +(const std::basic_string<_Elem,_Traits,_Alloc> &,std::basic_string<_Elem,_Traits,_Alloc> &&)'
C:\KMU\2-1\CPP\과제\algolab\6주차\복소수\TestMyComplex.cpp(92,18): message : 'std::basic_string<_Elem,_Traits,_Alloc> std::operator +(const std::basic_string<_Elem,_Traits,_Alloc> &,std::basic_string<_Elem,_Traits,_Alloc> &&)': 'int'에서 'const std::basic_string<_Elem,_Traits,_Alloc> &'에 대한 템플릿 인수를 추론할 수 없습니다.
C:\Program Files\Microsoft Visual Studio\2022\Community\VC\Tools\MSVC\14.35.32215\include\xstring(5129,62): message : 또는       'std::basic_string<_Elem,_Traits,_Alloc> std::operator +(const std::basic_string<_Elem,_Traits,_Alloc> &,const _Elem)'
C:\KMU\2-1\CPP\과제\algolab\6주차\복소수\TestMyComplex.cpp(92,18): message : 'std::basic_string<_Elem,_Traits,_Alloc> std::operator +(const std::basic_string<_Elem,_Traits,_Alloc> &,const _Elem)': 'int'에서 'const std::basic_string<_Elem,_Traits,_Alloc> &'에 대한 템플릿 인수를 추론할 수 없습니다.
C:\Program Files\Microsoft Visual Studio\2022\Community\VC\Tools\MSVC\14.35.32215\include\xstring(5116,62): message : 또는       'std::basic_string<_Elem,_Traits,_Alloc> std::operator +(const std::basic_string<_Elem,_Traits,_Alloc> &,const _Elem *const )'
C:\KMU\2-1\CPP\과제\algolab\6주차\복소수\TestMyComplex.cpp(92,18): message : 'std::basic_string<_Elem,_Traits,_Alloc> std::operator +(const std::basic_string<_Elem,_Traits,_Alloc> &,const _Elem *const )': 'int'에서 'const std::basic_string<_Elem,_Traits,_Alloc> &'에 대한 템플릿 인수를 추론할 수 없습니다.
C:\Program Files\Microsoft Visual Studio\2022\Community\VC\Tools\MSVC\14.35.32215\include\xstring(5105,62): message : 또는       'std::basic_string<_Elem,_Traits,_Alloc> std::operator +(const _Elem,const std::basic_string<_Elem,_Traits,_Alloc> &)'
C:\KMU\2-1\CPP\과제\algolab\6주차\복소수\TestMyComplex.cpp(92,18): message : 'std::basic_string<_Elem,_Traits,_Alloc> std::operator +(const _Elem,const std::basic_string<_Elem,_Traits,_Alloc> &)': 'myComplex'에서 'const std::basic_string<_Elem,_Traits,_Alloc> &'에 대한 템플릿 인수를 추론할 수 없습니다.
C:\Program Files\Microsoft Visual Studio\2022\Community\VC\Tools\MSVC\14.35.32215\include\xstring(5092,62): message : 또는       'std::basic_string<_Elem,_Traits,_Alloc> std::operator +(const _Elem *const ,const std::basic_string<_Elem,_Traits,_Alloc> &)'
C:\KMU\2-1\CPP\과제\algolab\6주차\복소수\TestMyComplex.cpp(92,18): message : 'std::basic_string<_Elem,_Traits,_Alloc> std::operator +(const _Elem *const ,const std::basic_string<_Elem,_Traits,_Alloc> &)': 'int'에서 'const _Elem *const '에 대한 템플릿 인수를 추론할 수 없습니다.
C:\Program Files\Microsoft Visual Studio\2022\Community\VC\Tools\MSVC\14.35.32215\include\xstring(5080,62): message : 또는       'std::basic_string<_Elem,_Traits,_Alloc> std::operator +(const std::basic_string<_Elem,_Traits,_Alloc> &,const std::basic_string<_Elem,_Traits,_Alloc> &)'
C:\KMU\2-1\CPP\과제\algolab\6주차\복소수\TestMyComplex.cpp(92,18): message : 'std::basic_string<_Elem,_Traits,_Alloc> std::operator +(const std::basic_string<_Elem,_Traits,_Alloc> &,const std::basic_string<_Elem,_Traits,_Alloc> &)': 'int'에서 'const std::basic_string<_Elem,_Traits,_Alloc> &'에 대한 템플릿 인수를 추론할 수 없습니다.
C:\Program Files\Microsoft Visual Studio\2022\Community\VC\Tools\MSVC\14.35.32215\include\xutility(4052,5): message : 또는       'std::move_iterator<_Iter> std::operator +(move_iterator<_Iter>::difference_type,const std::move_iterator<_Iter> &) noexcept(<expr>)'
C:\KMU\2-1\CPP\과제\algolab\6주차\복소수\TestMyComplex.cpp(92,18): message : 'std::move_iterator<_Iter> std::operator +(move_iterator<_Iter>::difference_type,const std::move_iterator<_Iter> &) noexcept(<expr>)': 'myComplex'에서 'const std::move_iterator<_Iter> &'에 대한 템플릿 인수를 추론할 수 없습니다.
C:\Program Files\Microsoft Visual Studio\2022\Community\VC\Tools\MSVC\14.35.32215\include\xutility(1547,50): message : 또는       'std::reverse_iterator<_BidIt> std::operator +(reverse_iterator<_BidIt>::difference_type,const std::reverse_iterator<_BidIt> &) noexcept(<expr>)'
C:\KMU\2-1\CPP\과제\algolab\6주차\복소수\TestMyComplex.cpp(92,18): message : 'std::reverse_iterator<_BidIt> std::operator +(reverse_iterator<_BidIt>::difference_type,const std::reverse_iterator<_BidIt> &) noexcept(<expr>)': 'myComplex'에서 'const std::reverse_iterator<_BidIt> &'에 대한 템플릿 인수를 추론할 수 없습니다.
C:\KMU\2-1\CPP\과제\algolab\6주차\복소수\TestMyComplex.cpp(92,35): error C2677: 이항 '-': 'myComplex' 형식을 사용하는 전역 연산자가 없거나 허용되는 변환이 없습니다.
C:\Program Files\Microsoft Visual Studio\2022\Community\VC\Tools\MSVC\14.35.32215\include\xutility(4044,30): message : 'unknown-type std::operator -(const std::move_iterator<_Iter> &,const std::move_iterator<_Iter2> &) noexcept(<expr>)'일 수 있습니다.
C:\KMU\2-1\CPP\과제\algolab\6주차\복소수\TestMyComplex.cpp(92,33): message : 'unknown-type std::operator -(const std::move_iterator<_Iter> &,const std::move_iterator<_Iter2> &) noexcept(<expr>)': 'int'에서 'const std::move_iterator<_Iter> &'에 대한 템플릿 인수를 추론할 수 없습니다.
C:\Program Files\Microsoft Visual Studio\2022\Community\VC\Tools\MSVC\14.35.32215\include\xutility(1540,5): message : 또는       'unknown-type std::operator -(const std::reverse_iterator<_BidIt> &,const std::reverse_iterator<_BidIt2> &) noexcept(<expr>)'
C:\KMU\2-1\CPP\과제\algolab\6주차\복소수\TestMyComplex.cpp(92,33): message : 'unknown-type std::operator -(const std::reverse_iterator<_BidIt> &,const std::reverse_iterator<_BidIt2> &) noexcept(<expr>)': 'int'에서 'const std::reverse_iterator<_BidIt> &'에 대한 템플릿 인수를 추론할 수 없습니다.
C:\KMU\2-1\CPP\과제\algolab\6주차\복소수\TestMyComplex.cpp(92,50): error C2677: 이항 '*': 'myComplex' 형식을 사용하는 전역 연산자가 없거나 허용되는 변환이 없습니다.
C:\KMU\2-1\CPP\과제\algolab\6주차\복소수\TestMyComplex.cpp(92,65): error C2677: 이항 '*': 'myComplex' 형식을 사용하는 전역 연산자가 없거나 허용되는 변환이 없습니다.
C:\KMU\2-1\CPP\과제\algolab\6주차\복소수\TestMyComplex.cpp(109,16): error C2677: 이항 '*': 'myComplex' 형식을 사용하는 전역 연산자가 없거나 허용되는 변환이 없습니다.
C:\KMU\2-1\CPP\과제\algolab\6주차\복소수\TestMyComplex.cpp(113,16): error C2677: 이항 '*': 'myComplex' 형식을 사용하는 전역 연산자가 없거나 허용되는 변환이 없습니다.
  코드를 생성하고 있습니다...
